Using pre-set license
Built from '2020.3/staging' branch; Version is '2020.3.25f1 (9b9180224418) revision 10195328'; Using compiler version '192528614'; Build Type 'Release'
OS: 'Windows 10  (10.0.19044) 64bit Core' Language: 'en' Physical Memory: 16322 MB
BatchMode: 1, IsHumanControllingUs: 0, StartBugReporterOnCrash: 0, Is64bit: 1, IsPro: 0

COMMAND LINE ARGUMENTS:
C:\Program Files\Unity\Hub\Editor\2020.3.25f1\Editor\Unity.exe
-adb2
-batchMode
-noUpm
-name
AssetImportWorker0
-projectPath
D:/Unity/MyProjects/Wizard2D/Wizard2D
-logFile
Logs/AssetImportWorker0.log
-srvPort
59740
Successfully changed project path to: D:/Unity/MyProjects/Wizard2D/Wizard2D
D:/Unity/MyProjects/Wizard2D/Wizard2D
Using Asset Import Pipeline V2.
Refreshing native plugins compatible for Editor in 61.94 ms, found 5 plugins.
Preloading 0 native plugins for Editor in 0.00 ms.
Initialize engine version: 2020.3.25f1 (9b9180224418)
[Subsystems] Discovering subsystems at path C:/Program Files/Unity/Hub/Editor/2020.3.25f1/Editor/Data/Resources/UnitySubsystems
[Subsystems] Discovering subsystems at path D:/Unity/MyProjects/Wizard2D/Wizard2D/Assets
GfxDevice: creating device client; threaded=0
Direct3D:
    Version:  Direct3D 11.0 [level 11.1]
    Renderer: NVIDIA GeForce RTX 2070 (ID=0x1f02)
    Vendor:   
    VRAM:     8019 MB
    Driver:   31.0.15.2824
Initialize mono
Mono path[0] = 'C:/Program Files/Unity/Hub/Editor/2020.3.25f1/Editor/Data/Managed'
Mono path[1] = 'C:/Program Files/Unity/Hub/Editor/2020.3.25f1/Editor/Data/MonoBleedingEdge/lib/mono/unityjit'
Mono config path = 'C:/Program Files/Unity/Hub/Editor/2020.3.25f1/Editor/Data/MonoBleedingEdge/etc'
Using monoOptions --debugger-agent=transport=dt_socket,embedding=1,server=y,suspend=n,address=127.0.0.1:56808
Begin MonoManager ReloadAssembly
Registering precompiled unity dll's ...
Register platform support module: C:/Program Files/Unity/Hub/Editor/2020.3.25f1/Editor/Data/PlaybackEngines/WebGLSupport/UnityEditor.WebGL.Extensions.dll
Register platform support module: C:/Program Files/Unity/Hub/Editor/2020.3.25f1/Editor/Data/PlaybackEngines/WindowsStandaloneSupport/UnityEditor.WindowsStandalone.Extensions.dll
Registered in 0.002700 seconds.
Native extension for WindowsStandalone target not found
Native extension for WebGL target not found
Refreshing native plugins compatible for Editor in 49.18 ms, found 5 plugins.
Preloading 0 native plugins for Editor in 0.00 ms.
Mono: successfully reloaded assembly
- Completed reload, in  0.611 seconds
Domain Reload Profiling:
	ReloadAssembly (611ms)
		BeginReloadAssembly (56ms)
			ExecutionOrderSort (0ms)
			DisableScriptedObjects (0ms)
			BackupInstance (0ms)
			ReleaseScriptingObjects (0ms)
			CreateAndSetChildDomain (1ms)
		EndReloadAssembly (482ms)
			LoadAssemblies (54ms)
			RebuildTransferFunctionScriptingTraits (0ms)
			SetupTypeCache (149ms)
			ReleaseScriptCaches (0ms)
			RebuildScriptCaches (34ms)
			SetupLoadedEditorAssemblies (192ms)
				LogAssemblyErrors (0ms)
				InitializePlatformSupportModulesInManaged (5ms)
				SetLoadedEditorAssemblies (0ms)
				RefreshPlugins (49ms)
				BeforeProcessingInitializeOnLoad (17ms)
				ProcessInitializeOnLoadAttributes (91ms)
				ProcessInitializeOnLoadMethodAttributes (29ms)
				AfterProcessingInitializeOnLoad (0ms)
				EditorAssembliesLoaded (0ms)
			ExecutionOrderSort2 (0ms)
			AwakeInstancesAfterBackupRestoration (0ms)
Platform modules already initialized, skipping
Registering precompiled user dll's ...
Registered in 0.005483 seconds.
Begin MonoManager ReloadAssembly
Native extension for WindowsStandalone target not found
Native extension for WebGL target not found
Refreshing native plugins compatible for Editor in 46.66 ms, found 5 plugins.
Preloading 0 native plugins for Editor in 0.00 ms.
Mono: successfully reloaded assembly
- Completed reload, in  1.140 seconds
Domain Reload Profiling:
	ReloadAssembly (1141ms)
		BeginReloadAssembly (140ms)
			ExecutionOrderSort (0ms)
			DisableScriptedObjects (5ms)
			BackupInstance (0ms)
			ReleaseScriptingObjects (0ms)
			CreateAndSetChildDomain (18ms)
		EndReloadAssembly (938ms)
			LoadAssemblies (89ms)
			RebuildTransferFunctionScriptingTraits (0ms)
			SetupTypeCache (298ms)
			ReleaseScriptCaches (0ms)
			RebuildScriptCaches (57ms)
			SetupLoadedEditorAssemblies (369ms)
				LogAssemblyErrors (0ms)
				InitializePlatformSupportModulesInManaged (4ms)
				SetLoadedEditorAssemblies (0ms)
				RefreshPlugins (47ms)
				BeforeProcessingInitializeOnLoad (87ms)
				ProcessInitializeOnLoadAttributes (205ms)
				ProcessInitializeOnLoadMethodAttributes (18ms)
				AfterProcessingInitializeOnLoad (8ms)
				EditorAssembliesLoaded (0ms)
			ExecutionOrderSort2 (0ms)
			AwakeInstancesAfterBackupRestoration (6ms)
Platform modules already initialized, skipping
========================================================================
Worker process is ready to serve import requests
Launched and connected shader compiler UnityShaderCompiler.exe after 0.05 seconds
Refreshing native plugins compatible for Editor in 0.92 ms, found 5 plugins.
Preloading 0 native plugins for Editor in 0.00 ms.
Unloading 2337 Unused Serialized files (Serialized files now loaded: 0)
System memory in use before: 100.9 MB.
System memory in use after: 101.1 MB.

Unloading 88 unused Assets to reduce memory usage. Loaded Objects now: 2712.
Total: 3.269600 ms (FindLiveObjects: 0.192800 ms CreateObjectMapping: 0.221000 ms MarkObjects: 2.770400 ms  DeleteObjects: 0.084200 ms)

AssetImportParameters requested are different than current active one (requested -> active):
  custom:framework-win-MediaFoundation: 216162199b28c13a410421893ffa2e32 -> 
  custom:video-decoder-ogg-theora: a1e56fd34408186e4bbccfd4996cb3dc -> 
  custom:container-muxer-webm: aa71ff27fc2769a1b78a27578f13a17b -> 
  custom:container-demuxer-webm: 4f35f7cbe854078d1ac9338744f61a02 -> 
  custom:container-demuxer-ogg: 62fdf1f143b41e24485cea50d1cbac27 -> 
  custom:video-encoder-webm-vp8: eb34c28f22e8b96e1ab97ce403110664 -> 
  custom:video-decoder-webm-vp8: 9c59270c3fd7afecdb556c50c9e8de78 -> 
  custom:audio-decoder-ogg-vorbis: bf7c407c2cedff20999df2af8eb42d56 -> 
  custom:audio-encoder-webm-vorbis: bf7c407c2cedff20999df2af8eb42d56 -> 
========================================================================
Received Import Request.
  path: Assets/Plugins
  artifactKey: Guid(ad37b0672b9627447b08a140e65476e9) Importer(815301076,1909f56bfc062723c751e8b465ee728b)
Start importing Assets/Plugins using Guid(ad37b0672b9627447b08a140e65476e9) Importer(815301076,1909f56bfc062723c751e8b465ee728b)  -> (artifact id: '70559363a7c66779c31dcf278b794a9f') in 0.008781 seconds 
  Import took 0.012926 seconds .

========================================================================
Received Import Request.
  Time since last request: 0.000233 seconds.
  path: Assets/Plugins/FMOD
  artifactKey: Guid(06ae579381df01a4a87bb149dec89954) Importer(815301076,1909f56bfc062723c751e8b465ee728b)
Start importing Assets/Plugins/FMOD using Guid(06ae579381df01a4a87bb149dec89954) Importer(815301076,1909f56bfc062723c751e8b465ee728b)  -> (artifact id: '69e87d4caf621e2f6a0b8cfd6c5c9966') in 0.005766 seconds 
  Import took 0.009118 seconds .

========================================================================
Received Import Request.
  Time since last request: 4.043624 seconds.
  path: Assets/Plugins/FMOD/FMODUnity.asmdef
  artifactKey: Guid(0c752da273b17c547ae705acf0f2adf2) Importer(815301076,1909f56bfc062723c751e8b465ee728b)
Start importing Assets/Plugins/FMOD/FMODUnity.asmdef using Guid(0c752da273b17c547ae705acf0f2adf2) Importer(815301076,1909f56bfc062723c751e8b465ee728b)  -> (artifact id: 'd68220e79bb70b810607b171c8a0243b') in 0.030773 seconds 
  Import took 0.033990 seconds .

========================================================================
Received Import Request.
  Time since last request: 15.151833 seconds.
  path: Assets/SoundBanks
  artifactKey: Guid(dc0afc1de8facf043a45182cfa365efe) Importer(815301076,1909f56bfc062723c751e8b465ee728b)
Start importing Assets/SoundBanks using Guid(dc0afc1de8facf043a45182cfa365efe) Importer(815301076,1909f56bfc062723c751e8b465ee728b)  -> (artifact id: 'c0a1c3801ae65388df3a4ab9fafbb20b') in 0.005620 seconds 
  Import took 0.008846 seconds .

========================================================================
Received Import Request.
  Time since last request: 113.255029 seconds.
  path: Assets/Plugins/FMOD/Resources/FMODStudioSettings.asset
  artifactKey: Guid(b5aef6315dff4c748bea40e8af790cb3) Importer(815301076,1909f56bfc062723c751e8b465ee728b)
Start importing Assets/Plugins/FMOD/Resources/FMODStudioSettings.asset using Guid(b5aef6315dff4c748bea40e8af790cb3) Importer(815301076,1909f56bfc062723c751e8b465ee728b)  -> (artifact id: '9075602a89c2b61cad6dda56db73b2ea') in 0.068458 seconds 
  Import took 0.072278 seconds .

========================================================================
Received Import Request.
  Time since last request: 182.004563 seconds.
  path: Assets/Plugins/FMOD/src
  artifactKey: Guid(2994e348941404549b266423c2ac329f) Importer(815301076,1909f56bfc062723c751e8b465ee728b)
Start importing Assets/Plugins/FMOD/src using Guid(2994e348941404549b266423c2ac329f) Importer(815301076,1909f56bfc062723c751e8b465ee728b)  -> (artifact id: '1e602ef9ed5600d70361699ccb694fc9') in 0.005826 seconds 
  Import took 0.009456 seconds .

========================================================================
Received Import Request.
  Time since last request: 19.486454 seconds.
  path: Assets/Plugins/FMOD/Test.fspro
  artifactKey: Guid(b47f5e06559ba4845bca2d1de9a3853c) Importer(815301076,1909f56bfc062723c751e8b465ee728b)
Start importing Assets/Plugins/FMOD/Test.fspro using Guid(b47f5e06559ba4845bca2d1de9a3853c) Importer(815301076,1909f56bfc062723c751e8b465ee728b)  -> (artifact id: '9414569d0c0bbcf7be6c85a0b8290907') in 0.011366 seconds 
  Import took 0.014810 seconds .

========================================================================
Received Import Request.
  Time since last request: 32.329094 seconds.
  path: Assets/SoundBanks/Build
  artifactKey: Guid(1bdc6009d96a4cd46bc3d13feb65eb98) Importer(815301076,1909f56bfc062723c751e8b465ee728b)
Start importing Assets/SoundBanks/Build using Guid(1bdc6009d96a4cd46bc3d13feb65eb98) Importer(815301076,1909f56bfc062723c751e8b465ee728b)  -> (artifact id: 'c4ff06af44781b858e82f5d4cf658d52') in 0.005960 seconds 
  Import took 0.017532 seconds .

========================================================================
Received Import Request.
  Time since last request: 53.537439 seconds.
  path: Assets/SoundBanks/Build/Desktop
  artifactKey: Guid(761be121f7fb76a4b91f4052f59e530d) Importer(815301076,1909f56bfc062723c751e8b465ee728b)
Start importing Assets/SoundBanks/Build/Desktop using Guid(761be121f7fb76a4b91f4052f59e530d) Importer(815301076,1909f56bfc062723c751e8b465ee728b)  -> (artifact id: 'afd4911fc9fdc2c2e08127fbba9e178f') in 0.005564 seconds 
  Import took 0.008876 seconds .

========================================================================
Received Import Request.
  Time since last request: 153.827620 seconds.
  path: Assets/Plugins/FMOD/Resources/FMODStudioSettings.asset
  artifactKey: Guid(b5aef6315dff4c748bea40e8af790cb3) Importer(815301076,1909f56bfc062723c751e8b465ee728b)
Start importing Assets/Plugins/FMOD/Resources/FMODStudioSettings.asset using Guid(b5aef6315dff4c748bea40e8af790cb3) Importer(815301076,1909f56bfc062723c751e8b465ee728b) [FMOD] Cannot find integration settings, creating default settings
UnityEngine.StackTraceUtility:ExtractStackTrace ()
UnityEngine.DebugLogHandler:LogFormat (UnityEngine.LogType,UnityEngine.Object,string,object[])
UnityEngine.Logger:Log (UnityEngine.LogType,object)
UnityEngine.Debug:Log (object)
FMODUnity.RuntimeUtils:DebugLog (string) (at Assets/Plugins/FMOD/src/RuntimeUtils.cs:542)
FMODUnity.Settings:Initialize () (at Assets/Plugins/FMOD/src/Settings.cs:271)
FMODUnity.Settings:get_Instance () (at Assets/Plugins/FMOD/src/Settings.cs:255)
FMODUnity.EditorSettings:CanBuildTarget (UnityEditor.BuildTarget,FMODUnity.Platform/BinaryType,string&) (at Assets/Plugins/FMOD/src/Editor/EditorSettings.cs:444)
FMODUnity.EditorSettings:CheckActiveBuildTarget () (at Assets/Plugins/FMOD/src/Editor/EditorSettings.cs:662)
FMODUnity.Settings:OnEnable () (at Assets/Plugins/FMOD/src/Settings.cs:622)

(Filename: Assets/Plugins/FMOD/src/RuntimeUtils.cs Line: 542)

[FMOD] Cannot find properties for platform default, creating default properties
UnityEngine.StackTraceUtility:ExtractStackTrace ()
UnityEngine.DebugLogHandler:LogFormat (UnityEngine.LogType,UnityEngine.Object,string,object[])
UnityEngine.Logger:LogFormat (UnityEngine.LogType,string,object[])
UnityEngine.Debug:LogFormat (string,object[])
FMODUnity.RuntimeUtils:DebugLogFormat (string,object[]) (at Assets/Plugins/FMOD/src/RuntimeUtils.cs:550)
FMODUnity.EditorSettings:AffirmPlatformProperties (FMODUnity.Platform) (at Assets/Plugins/FMOD/src/Editor/EditorSettings.cs:429)
FMODUnity.EditorSettings:AddMissingPlatforms () (at Assets/Plugins/FMOD/src/Editor/EditorSettings.cs:179)
FMODUnity.Settings:OnEnable () (at Assets/Plugins/FMOD/src/Settings.cs:606)
UnityEngine.ScriptableObject:CreateInstance (System.Type)
UnityEngine.ScriptableObject:CreateInstance<FMODUnity.Settings> ()
FMODUnity.Settings:Initialize () (at Assets/Plugins/FMOD/src/Settings.cs:272)
FMODUnity.Settings:get_Instance () (at Assets/Plugins/FMOD/src/Settings.cs:255)
FMODUnity.EditorSettings:CanBuildTarget (UnityEditor.BuildTarget,FMODUnity.Platform/BinaryType,string&) (at Assets/Plugins/FMOD/src/Editor/EditorSettings.cs:444)
FMODUnity.EditorSettings:CheckActiveBuildTarget () (at Assets/Plugins/FMOD/src/Editor/EditorSettings.cs:662)
FMODUnity.Settings:OnEnable () (at Assets/Plugins/FMOD/src/Settings.cs:622)

(Filename: Assets/Plugins/FMOD/src/RuntimeUtils.cs Line: 550)

[FMOD] Cannot find properties for platform playInEditor, creating default properties
UnityEngine.StackTraceUtility:ExtractStackTrace ()
UnityEngine.DebugLogHandler:LogFormat (UnityEngine.LogType,UnityEngine.Object,string,object[])
UnityEngine.Logger:LogFormat (UnityEngine.LogType,string,object[])
UnityEngine.Debug:LogFormat (string,object[])
FMODUnity.RuntimeUtils:DebugLogFormat (string,object[]) (at Assets/Plugins/FMOD/src/RuntimeUtils.cs:550)
FMODUnity.EditorSettings:AffirmPlatformProperties (FMODUnity.Platform) (at Assets/Plugins/FMOD/src/Editor/EditorSettings.cs:429)
FMODUnity.EditorSettings:AddMissingPlatforms () (at Assets/Plugins/FMOD/src/Editor/EditorSettings.cs:180)
FMODUnity.Settings:OnEnable () (at Assets/Plugins/FMOD/src/Settings.cs:606)
UnityEngine.ScriptableObject:CreateInstance (System.Type)
UnityEngine.ScriptableObject:CreateInstance<FMODUnity.Settings> ()
FMODUnity.Settings:Initialize () (at Assets/Plugins/FMOD/src/Settings.cs:272)
FMODUnity.Settings:get_Instance () (at Assets/Plugins/FMOD/src/Settings.cs:255)
FMODUnity.EditorSettings:CanBuildTarget (UnityEditor.BuildTarget,FMODUnity.Platform/BinaryType,string&) (at Assets/Plugins/FMOD/src/Editor/EditorSettings.cs:444)
FMODUnity.EditorSettings:CheckActiveBuildTarget () (at Assets/Plugins/FMOD/src/Editor/EditorSettings.cs:662)
FMODUnity.Settings:OnEnable () (at Assets/Plugins/FMOD/src/Settings.cs:622)

(Filename: Assets/Plugins/FMOD/src/RuntimeUtils.cs Line: 550)

Settings instance has not been initialized. Unable to continue build.
UnityEngine.StackTraceUtility:ExtractStackTrace ()
UnityEngine.DebugLogHandler:LogFormat (UnityEngine.LogType,UnityEngine.Object,string,object[])
UnityEngine.Logger:Log (UnityEngine.LogType,object)
UnityEngine.Debug:LogWarning (object)
FMODUnity.RuntimeUtils:DebugLogWarning (string) (at Assets/Plugins/FMOD/src/RuntimeUtils.cs:558)
FMODUnity.EditorSettings:CheckActiveBuildTarget () (at Assets/Plugins/FMOD/src/Editor/EditorSettings.cs:664)
FMODUnity.Settings:OnEnable () (at Assets/Plugins/FMOD/src/Settings.cs:622)
UnityEngine.ScriptableObject:CreateInstance (System.Type)
UnityEngine.ScriptableObject:CreateInstance<FMODUnity.Settings> ()
FMODUnity.Settings:Initialize () (at Assets/Plugins/FMOD/src/Settings.cs:272)
FMODUnity.Settings:get_Instance () (at Assets/Plugins/FMOD/src/Settings.cs:255)
FMODUnity.EditorSettings:CanBuildTarget (UnityEditor.BuildTarget,FMODUnity.Platform/BinaryType,string&) (at Assets/Plugins/FMOD/src/Editor/EditorSettings.cs:444)
FMODUnity.EditorSettings:CheckActiveBuildTarget () (at Assets/Plugins/FMOD/src/Editor/EditorSettings.cs:662)
FMODUnity.Settings:OnEnable () (at Assets/Plugins/FMOD/src/Settings.cs:622)

(Filename: Assets/Plugins/FMOD/src/RuntimeUtils.cs Line: 558)

CreateSerializedAsset is not supported while importing out-of-process
UnityEngine.StackTraceUtility:ExtractStackTrace ()
FMODUnity.EditorSettings:CreateSettingsAsset (string) (at Assets/Plugins/FMOD/src/Editor/EditorSettings.cs:69)
FMODUnity.Settings:Initialize () (at Assets/Plugins/FMOD/src/Settings.cs:280)
FMODUnity.Settings:get_Instance () (at Assets/Plugins/FMOD/src/Settings.cs:255)
FMODUnity.EditorSettings:CanBuildTarget (UnityEditor.BuildTarget,FMODUnity.Platform/BinaryType,string&) (at Assets/Plugins/FMOD/src/Editor/EditorSettings.cs:444)
FMODUnity.EditorSettings:CheckActiveBuildTarget () (at Assets/Plugins/FMOD/src/Editor/EditorSettings.cs:662)
FMODUnity.Settings:OnEnable () (at Assets/Plugins/FMOD/src/Settings.cs:622)

[Assets/Plugins/FMOD/src/Editor/EditorSettings.cs line 69]

UnityException: Creating asset at path Assets/Plugins/FMOD/Resources/FMODStudioSettings.asset failed.
  at (wrapper managed-to-native) UnityEditor.AssetDatabase.CreateAsset(UnityEngine.Object,string)
  at FMODUnity.EditorSettings.CreateSettingsAsset (System.String assetName) [0x00030] in D:\Unity\MyProjects\Wizard2D\Wizard2D\Assets\Plugins\FMOD\src\Editor\EditorSettings.cs:69 
  at FMODUnity.Settings.Initialize () [0x0008e] in D:\Unity\MyProjects\Wizard2D\Wizard2D\Assets\Plugins\FMOD\src\Settings.cs:280 
  at FMODUnity.Settings.get_Instance () [0x0000f] in D:\Unity\MyProjects\Wizard2D\Wizard2D\Assets\Plugins\FMOD\src\Settings.cs:255 
  at FMODUnity.EditorSettings.CanBuildTarget (UnityEditor.BuildTarget target, FMODUnity.Platform+BinaryType binaryType, System.String& error) [0x00001] in D:\Unity\MyProjects\Wizard2D\Wizard2D\Assets\Plugins\FMOD\src\Editor\EditorSettings.cs:444 
  at FMODUnity.EditorSettings.CheckActiveBuildTarget () [0x00018] in D:\Unity\MyProjects\Wizard2D\Wizard2D\Assets\Plugins\FMOD\src\Editor\EditorSettings.cs:662 
  at FMODUnity.Settings.OnEnable () [0x001a1] in D:\Unity\MyProjects\Wizard2D\Wizard2D\Assets\Plugins\FMOD\src\Settings.cs:622 

(Filename: Assets/Plugins/FMOD/src/Editor/EditorSettings.cs Line: 69)

 -> (artifact id: 'dc0eb743848475a7e5a3952394566458') in 0.019620 seconds 
  Import took 0.023742 seconds .

========================================================================
Received Import Request.
  Time since last request: 68.111856 seconds.
  path: Assets/Plugins/FMOD/Resources/FMODStudioSettings.asset
  artifactKey: Guid(b5aef6315dff4c748bea40e8af790cb3) Importer(815301076,1909f56bfc062723c751e8b465ee728b)
Start importing Assets/Plugins/FMOD/Resources/FMODStudioSettings.asset using Guid(b5aef6315dff4c748bea40e8af790cb3) Importer(815301076,1909f56bfc062723c751e8b465ee728b) Settings instance has not been initialized. Unable to continue build.
UnityEngine.StackTraceUtility:ExtractStackTrace ()
UnityEngine.DebugLogHandler:LogFormat (UnityEngine.LogType,UnityEngine.Object,string,object[])
UnityEngine.Logger:Log (UnityEngine.LogType,object)
UnityEngine.Debug:LogWarning (object)
FMODUnity.RuntimeUtils:DebugLogWarning (string) (at Assets/Plugins/FMOD/src/RuntimeUtils.cs:558)
FMODUnity.EditorSettings:CheckActiveBuildTarget () (at Assets/Plugins/FMOD/src/Editor/EditorSettings.cs:664)
FMODUnity.Settings:OnEnable () (at Assets/Plugins/FMOD/src/Settings.cs:622)

(Filename: Assets/Plugins/FMOD/src/RuntimeUtils.cs Line: 558)

 -> (artifact id: 'd92d30e0da66cedbd25055f86ffcb651') in 0.005680 seconds 
  Import took 0.020817 seconds .

========================================================================
Received Import Request.
  Time since last request: 8.997220 seconds.
  path: Assets/Scenes/StartGame.unity
  artifactKey: Guid(2cda990e2423bbf4892e6590ba056729) Importer(815301076,1909f56bfc062723c751e8b465ee728b)
Start importing Assets/Scenes/StartGame.unity using Guid(2cda990e2423bbf4892e6590ba056729) Importer(815301076,1909f56bfc062723c751e8b465ee728b)  -> (artifact id: '8a2f351422e038942b35323cfc995844') in 0.013218 seconds 
  Import took 0.016948 seconds .

========================================================================
Received Prepare
Registering precompiled user dll's ...
Registered in 0.005113 seconds.
Begin MonoManager ReloadAssembly
Native extension for WindowsStandalone target not found
Native extension for WebGL target not found
Refreshing native plugins compatible for Editor in 0.88 ms, found 5 plugins.
Preloading 0 native plugins for Editor in 0.00 ms.
Mono: successfully reloaded assembly
- Completed reload, in  1.072 seconds
Domain Reload Profiling:
	ReloadAssembly (1073ms)
		BeginReloadAssembly (128ms)
			ExecutionOrderSort (0ms)
			DisableScriptedObjects (6ms)
			BackupInstance (0ms)
			ReleaseScriptingObjects (0ms)
			CreateAndSetChildDomain (37ms)
		EndReloadAssembly (881ms)
			LoadAssemblies (92ms)
			RebuildTransferFunctionScriptingTraits (0ms)
			SetupTypeCache (300ms)
			ReleaseScriptCaches (1ms)
			RebuildScriptCaches (50ms)
			SetupLoadedEditorAssemblies (326ms)
				LogAssemblyErrors (0ms)
				InitializePlatformSupportModulesInManaged (5ms)
				SetLoadedEditorAssemblies (1ms)
				RefreshPlugins (1ms)
				BeforeProcessingInitializeOnLoad (86ms)
				ProcessInitializeOnLoadAttributes (213ms)
				ProcessInitializeOnLoadMethodAttributes (12ms)
				AfterProcessingInitializeOnLoad (8ms)
				EditorAssembliesLoaded (0ms)
			ExecutionOrderSort2 (0ms)
			AwakeInstancesAfterBackupRestoration (9ms)
Platform modules already initialized, skipping
Refreshing native plugins compatible for Editor in 0.84 ms, found 5 plugins.
Preloading 0 native plugins for Editor in 0.00 ms.
Unloading 2326 Unused Serialized files (Serialized files now loaded: 0)
System memory in use before: 100.5 MB.
System memory in use after: 100.7 MB.

Unloading 77 unused Assets to reduce memory usage. Loaded Objects now: 2726.
Total: 2.997900 ms (FindLiveObjects: 0.172200 ms CreateObjectMapping: 0.096300 ms MarkObjects: 2.700300 ms  DeleteObjects: 0.028000 ms)

AssetImportParameters requested are different than current active one (requested -> active):
  custom:framework-win-MediaFoundation: 216162199b28c13a410421893ffa2e32 -> 
  custom:video-decoder-ogg-theora: a1e56fd34408186e4bbccfd4996cb3dc -> 
  custom:container-muxer-webm: aa71ff27fc2769a1b78a27578f13a17b -> 
  custom:container-demuxer-webm: 4f35f7cbe854078d1ac9338744f61a02 -> 
  custom:container-demuxer-ogg: 62fdf1f143b41e24485cea50d1cbac27 -> 
  custom:video-encoder-webm-vp8: eb34c28f22e8b96e1ab97ce403110664 -> 
  custom:video-decoder-webm-vp8: 9c59270c3fd7afecdb556c50c9e8de78 -> 
  custom:audio-decoder-ogg-vorbis: bf7c407c2cedff20999df2af8eb42d56 -> 
  custom:audio-encoder-webm-vorbis: bf7c407c2cedff20999df2af8eb42d56 -> 
AssetImportWorkerClient::OnTransportError - code=2 error=End of file
